[2015-04-11 00:02:59] local.ERROR: exception 'RuntimeException' with message 'Too many arguments.' in /home/enzo/Posaderos/vendor/symfony/console/Symfony/Component/Console/Input/ArgvInput.php:181
Stack trace:
#0 /home/enzo/Posaderos/vendor/symfony/console/Symfony/Component/Console/Input/ArgvInput.php(90): Symfony\Component\Console\Input\ArgvInput->parseArgument('nombre:string')
#1 /home/enzo/Posaderos/vendor/symfony/console/Symfony/Component/Console/Input/Input.php(61): Symfony\Component\Console\Input\ArgvInput->parse()
#2 /home/enzo/Posaderos/vendor/symfony/console/Symfony/Component/Console/Command/Command.php(229): Symfony\Component\Console\Input\Input->bind(Object(Symfony\Component\Console\Input\InputDefinition))
#3 /home/enzo/Posaderos/vendor/laravel/framework/src/Illuminate/Console/Command.php(101): Symfony\Component\Console\Command\Command->run(Object(Symfony\Component\Console\Input\ArgvInput), Object(Symfony\Component\Console\Output\ConsoleOutput))
#4 /home/enzo/Posaderos/vendor/symfony/console/Symfony/Component/Console/Application.php(874): Illuminate\Console\Command->run(Object(Symfony\Component\Console\Input\ArgvInput), Object(Symfony\Component\Console\Output\ConsoleOutput))
#5 /home/enzo/Posaderos/vendor/symfony/console/Symfony/Component/Console/Application.php(195): Symfony\Component\Console\Application->doRunCommand(Object(Illuminate\Foundation\Console\ModelMakeCommand), Object(Symfony\Component\Console\Input\ArgvInput), Object(Symfony\Component\Console\Output\ConsoleOutput))
#6 /home/enzo/Posaderos/vendor/symfony/console/Symfony/Component/Console/Application.php(126): Symfony\Component\Console\Application->doRun(Object(Symfony\Component\Console\Input\ArgvInput), Object(Symfony\Component\Console\Output\ConsoleOutput))
#7 /home/enzo/Posaderos/vendor/laravel/framework/src/Illuminate/Foundation/Console/Kernel.php(94): Symfony\Component\Console\Application->run(Object(Symfony\Component\Console\Input\ArgvInput), Object(Symfony\Component\Console\Output\ConsoleOutput))
#8 /home/enzo/Posaderos/artisan(36): Illuminate\Foundation\Console\Kernel->handle(Object(Symfony\Component\Console\Input\ArgvInput), Object(Symfony\Component\Console\Output\ConsoleOutput))
#9 {main}  
[2015-04-11 00:03:03] local.ERROR: exception 'RuntimeException' with message 'Too many arguments.' in /home/enzo/Posaderos/vendor/symfony/console/Symfony/Component/Console/Input/ArgvInput.php:181
Stack trace:
#0 /home/enzo/Posaderos/vendor/symfony/console/Symfony/Component/Console/Input/ArgvInput.php(90): Symfony\Component\Console\Input\ArgvInput->parseArgument('nombre')
#1 /home/enzo/Posaderos/vendor/symfony/console/Symfony/Component/Console/Input/Input.php(61): Symfony\Component\Console\Input\ArgvInput->parse()
#2 /home/enzo/Posaderos/vendor/symfony/console/Symfony/Component/Console/Command/Command.php(229): Symfony\Component\Console\Input\Input->bind(Object(Symfony\Component\Console\Input\InputDefinition))
#3 /home/enzo/Posaderos/vendor/laravel/framework/src/Illuminate/Console/Command.php(101): Symfony\Component\Console\Command\Command->run(Object(Symfony\Component\Console\Input\ArgvInput), Object(Symfony\Component\Console\Output\ConsoleOutput))
#4 /home/enzo/Posaderos/vendor/symfony/console/Symfony/Component/Console/Application.php(874): Illuminate\Console\Command->run(Object(Symfony\Component\Console\Input\ArgvInput), Object(Symfony\Component\Console\Output\ConsoleOutput))
#5 /home/enzo/Posaderos/vendor/symfony/console/Symfony/Component/Console/Application.php(195): Symfony\Component\Console\Application->doRunCommand(Object(Illuminate\Foundation\Console\ModelMakeCommand), Object(Symfony\Component\Console\Input\ArgvInput), Object(Symfony\Component\Console\Output\ConsoleOutput))
#6 /home/enzo/Posaderos/vendor/symfony/console/Symfony/Component/Console/Application.php(126): Symfony\Component\Console\Application->doRun(Object(Symfony\Component\Console\Input\ArgvInput), Object(Symfony\Component\Console\Output\ConsoleOutput))
#7 /home/enzo/Posaderos/vendor/laravel/framework/src/Illuminate/Foundation/Console/Kernel.php(94): Symfony\Component\Console\Application->run(Object(Symfony\Component\Console\Input\ArgvInput), Object(Symfony\Component\Console\Output\ConsoleOutput))
#8 /home/enzo/Posaderos/artisan(36): Illuminate\Foundation\Console\Kernel->handle(Object(Symfony\Component\Console\Input\ArgvInput), Object(Symfony\Component\Console\Output\ConsoleOutput))
#9 {main}  
[2015-04-11 00:16:36] local.ERROR: exception 'Symfony\Component\Debug\Exception\FatalErrorException' with message 'Class 'App\Http\Controllers\NeedsArea' not found' in /home/enzo/Posaderos/app/Http/Controllers/NeedsAreaController.php:17
Stack trace:
#0 {main}  
[2015-04-11 00:25:12] local.ERROR: exception 'Symfony\Component\Debug\Exception\FatalErrorException' with message 'Class 'App\Http\Controllers\NeedsArea' not found' in /home/enzo/Posaderos/app/Http/Controllers/NeedsAreaController.php:19
Stack trace:
#0 {main}  
[2015-04-11 00:29:40] local.ERROR: exception 'Symfony\Component\Debug\Exception\FatalErrorException' with message 'Class 'App\Http\Controllers\Person' not found' in /home/enzo/Posaderos/app/Http/Controllers/NeedsAreaController.php:50
Stack trace:
#0 {main}  
[2015-04-11 00:43:33] local.ERROR: exception 'LogicException' with message 'Route pattern "/needsArea/edit/{id}/{{id}}" cannot reference variable name "id" more than once.' in /home/enzo/Posaderos/vendor/symfony/routing/Symfony/Component/Routing/RouteCompiler.php:102
Stack trace:
#0 /home/enzo/Posaderos/vendor/symfony/routing/Symfony/Component/Routing/RouteCompiler.php(57): Symfony\Component\Routing\RouteCompiler::compilePattern(Object(Symfony\Component\Routing\Route), '/needsArea/edit...', false)
#1 /home/enzo/Posaderos/vendor/symfony/routing/Symfony/Component/Routing/Route.php(625): Symfony\Component\Routing\RouteCompiler::compile(Object(Symfony\Component\Routing\Route))
#2 /home/enzo/Posaderos/vendor/laravel/framework/src/Illuminate/Routing/Route.php(237): Symfony\Component\Routing\Route->compile()
#3 /home/enzo/Posaderos/vendor/laravel/framework/src/Illuminate/Routing/Route.php(210): Illuminate\Routing\Route->compileRoute()
#4 /home/enzo/Posaderos/vendor/laravel/framework/src/Illuminate/Routing/RouteCollection.php(222): Illuminate\Routing\Route->matches(Object(Illuminate\Http\Request), true)
#5 [internal function]: Illuminate\Routing\RouteCollection->Illuminate\Routing\{closure}('needsArea/edit/...', Object(Illuminate\Routing\Route))
#6 /home/enzo/Posaderos/vendor/laravel/framework/src/Illuminate/Support/Arr.php(141): call_user_func(Object(Closure), 'needsArea/edit/...', Object(Illuminate\Routing\Route))
#7 /home/enzo/Posaderos/vendor/laravel/framework/src/Illuminate/Support/helpers.php(136): Illuminate\Support\Arr::first(Array, Object(Closure), NULL)
#8 /home/enzo/Posaderos/vendor/laravel/framework/src/Illuminate/Routing/RouteCollection.php(223): array_first(Array, Object(Closure))
#9 /home/enzo/Posaderos/vendor/laravel/framework/src/Illuminate/Routing/RouteCollection.php(128): Illuminate\Routing\RouteCollection->check(Array, Object(Illuminate\Http\Request))
#10 /home/enzo/Posaderos/vendor/laravel/framework/src/Illuminate/Routing/Router.php(720): Illuminate\Routing\RouteCollection->match(Object(Illuminate\Http\Request))
#11 /home/enzo/Posaderos/vendor/laravel/framework/src/Illuminate/Routing/Router.php(643): Illuminate\Routing\Router->findRoute(Object(Illuminate\Http\Request))
#12 /home/enzo/Posaderos/vendor/laravel/framework/src/Illuminate/Routing/Router.php(619): Illuminate\Routing\Router->dispatchToRoute(Object(Illuminate\Http\Request))
#13 /home/enzo/Posaderos/vendor/laravel/framework/src/Illuminate/Foundation/Http/Kernel.php(214): Illuminate\Routing\Router->dispatch(Object(Illuminate\Http\Request))
#14 [internal function]: Illuminate\Foundation\Http\Kernel->Illuminate\Foundation\Http\{closure}(Object(Illuminate\Http\Request))
#15 /home/enzo/Posaderos/vendor/laravel/framework/src/Illuminate/Pipeline/Pipeline.php(141): call_user_func(Object(Closure), Object(Illuminate\Http\Request))
#16 /home/enzo/Posaderos/vendor/laravel/framework/src/Illuminate/Foundation/Http/Middleware/VerifyCsrfToken.php(43): Illuminate\Pipeline\Pipeline->Illuminate\Pipeline\{closure}(Object(Illuminate\Http\Request))
#17 /home/enzo/Posaderos/app/Http/Middleware/VerifyCsrfToken.php(17): Illuminate\Foundation\Http\Middleware\VerifyCsrfToken->handle(Object(Illuminate\Http\Request), Object(Closure))
#18 /home/enzo/Posaderos/vendor/laravel/framework/src/Illuminate/Pipeline/Pipeline.php(125): App\Http\Middleware\VerifyCsrfToken->handle(Object(Illuminate\Http\Request), Object(Closure))
#19 /home/enzo/Posaderos/vendor/laravel/framework/src/Illuminate/View/Middleware/ShareErrorsFromSession.php(55): Illuminate\Pipeline\Pipeline->Illuminate\Pipeline\{closure}(Object(Illuminate\Http\Request))
#20 /home/enzo/Posaderos/vendor/laravel/framework/src/Illuminate/Pipeline/Pipeline.php(125): Illuminate\View\Middleware\ShareErrorsFromSession->handle(Object(Illuminate\Http\Request), Object(Closure))
#21 /home/enzo/Posaderos/vendor/laravel/framework/src/Illuminate/Session/Middleware/StartSession.php(61): Illuminate\Pipeline\Pipeline->Illuminate\Pipeline\{closure}(Object(Illuminate\Http\Request))
#22 /home/enzo/Posaderos/vendor/laravel/framework/src/Illuminate/Pipeline/Pipeline.php(125): Illuminate\Session\Middleware\StartSession->handle(Object(Illuminate\Http\Request), Object(Closure))
#23 /home/enzo/Posaderos/vendor/laravel/framework/src/Illuminate/Cookie/Middleware/AddQueuedCookiesToResponse.php(36): Illuminate\Pipeline\Pipeline->Illuminate\Pipeline\{closure}(Object(Illuminate\Http\Request))
#24 /home/enzo/Posaderos/vendor/laravel/framework/src/Illuminate/Pipeline/Pipeline.php(125): Illuminate\Cookie\Middleware\AddQueuedCookiesToResponse->handle(Object(Illuminate\Http\Request), Object(Closure))
#25 /home/enzo/Posaderos/vendor/laravel/framework/src/Illuminate/Cookie/Middleware/EncryptCookies.php(40): Illuminate\Pipeline\Pipeline->Illuminate\Pipeline\{closure}(Object(Illuminate\Http\Request))
#26 /home/enzo/Posaderos/vendor/laravel/framework/src/Illuminate/Pipeline/Pipeline.php(125): Illuminate\Cookie\Middleware\EncryptCookies->handle(Object(Illuminate\Http\Request), Object(Closure))
#27 /home/enzo/Posaderos/vendor/laravel/framework/src/Illuminate/Foundation/Http/Middleware/CheckForMaintenanceMode.php(42): Illuminate\Pipeline\Pipeline->Illuminate\Pipeline\{closure}(Object(Illuminate\Http\Request))
#28 /home/enzo/Posaderos/vendor/laravel/framework/src/Illuminate/Pipeline/Pipeline.php(125): Illuminate\Foundation\Http\Middleware\CheckForMaintenanceMode->handle(Object(Illuminate\Http\Request), Object(Closure))
#29 [internal function]: Illuminate\Pipeline\Pipeline->Illuminate\Pipeline\{closure}(Object(Illuminate\Http\Request))
#30 /home/enzo/Posaderos/vendor/laravel/framework/src/Illuminate/Pipeline/Pipeline.php(101): call_user_func(Object(Closure), Object(Illuminate\Http\Request))
#31 /home/enzo/Posaderos/vendor/laravel/framework/src/Illuminate/Foundation/Http/Kernel.php(115): Illuminate\Pipeline\Pipeline->then(Object(Closure))
#32 /home/enzo/Posaderos/vendor/laravel/framework/src/Illuminate/Foundation/Http/Kernel.php(84): Illuminate\Foundation\Http\Kernel->sendRequestThroughRouter(Object(Illuminate\Http\Request))
#33 /home/enzo/Posaderos/public/index.php(53): Illuminate\Foundation\Http\Kernel->handle(Object(Illuminate\Http\Request))
#34 /home/enzo/Posaderos/server.php(21): require_once('/home/enzo/Posa...')
#35 {main}  
[2015-04-11 00:49:11] local.ERROR: exception 'InvalidArgumentException' with message 'Command "route" is not defined.

Did you mean one of these?
    route:cache
    route:clear
    route:list' in /home/enzo/Posaderos/vendor/symfony/console/Symfony/Component/Console/Application.php:549
Stack trace:
#0 /home/enzo/Posaderos/vendor/symfony/console/Symfony/Component/Console/Application.php(192): Symfony\Component\Console\Application->find('route')
#1 /home/enzo/Posaderos/vendor/symfony/console/Symfony/Component/Console/Application.php(126): Symfony\Component\Console\Application->doRun(Object(Symfony\Component\Console\Input\ArgvInput), Object(Symfony\Component\Console\Output\ConsoleOutput))
#2 /home/enzo/Posaderos/vendor/laravel/framework/src/Illuminate/Foundation/Console/Kernel.php(94): Symfony\Component\Console\Application->run(Object(Symfony\Component\Console\Input\ArgvInput), Object(Symfony\Component\Console\Output\ConsoleOutput))
#3 /home/enzo/Posaderos/artisan(36): Illuminate\Foundation\Console\Kernel->handle(Object(Symfony\Component\Console\Input\ArgvInput), Object(Symfony\Component\Console\Output\ConsoleOutput))
#4 {main}  
